Osciloscopio.js:76 Uncaught SyntaxError: Unexpected string (at Osciloscopio.js:76:11)
node:electron/js2c/renderer_init:2 Electron Security Warning (Insecure Content-Security-Policy) This renderer process has either no Content Security
  Policy set or a policy with "unsafe-eval" enabled. This exposes users of
  this app to unnecessary security risks.

For more information and help, consult
https://electronjs.org/docs/tutorial/security.
This warning will not show up
once the app is packaged.
warnAboutInsecureCSP @ node:electron/js2c/renderer_init:2
logSecurityWarnings @ node:electron/js2c/renderer_init:2
(anonymous) @ node:electron/js2c/renderer_init:2
load (async)
securityWarnings @ node:electron/js2c/renderer_init:2
./lib/renderer/common-init.ts @ node:electron/js2c/renderer_init:2
__webpack_require__ @ node:electron/js2c/renderer_init:2
(anonymous) @ node:electron/js2c/renderer_init:2
(anonymous) @ node:electron/js2c/renderer_init:2
___electron_webpack_init__ @ node:electron/js2c/renderer_init:2
(anonymous) @ node:electron/js2c/renderer_init:2
compileForInternalLoader @ node:internal/bootstrap/loaders:336
compileForPublicLoader @ node:internal/bootstrap/loaders:272
loadBuiltinModule @ node:internal/modules/cjs/helpers:57
Module._load @ node:internal/modules/cjs/loader:943
c._load @ node:electron/js2c/node_init:2
executeUserEntryPoint @ node:internal/modules/run_main:101
(anonymous) @ node:internal/main/run_main_module:23
