node:electron/js2c/renderer_init:2 Electron Security Warning (Insecure Content-Security-Policy) This renderer process has either no Content Security
  Policy set or a policy with "unsafe-eval" enabled. This exposes users of
  this app to unnecessary security risks.

For more information and help, consult
https://electronjs.org/docs/tutorial/security.
This warning will not show up
once the app is packaged.
warnAboutInsecureCSP @ node:electron/js2c/renderer_init:2
logSecurityWarnings @ node:electron/js2c/renderer_init:2
(anonymous) @ node:electron/js2c/renderer_init:2
load (async)
securityWarnings @ node:electron/js2c/renderer_init:2
./lib/renderer/common-init.ts @ node:electron/js2c/renderer_init:2
__webpack_require__ @ node:electron/js2c/renderer_init:2
(anonymous) @ node:electron/js2c/renderer_init:2
(anonymous) @ node:electron/js2c/renderer_init:2
___electron_webpack_init__ @ node:electron/js2c/renderer_init:2
(anonymous) @ node:electron/js2c/renderer_init:2
compileForInternalLoader @ node:internal/bootstrap/loaders:336
compileForPublicLoader @ node:internal/bootstrap/loaders:272
loadBuiltinModule @ node:internal/modules/cjs/helpers:57
Module._load @ node:internal/modules/cjs/loader:943
c._load @ node:electron/js2c/node_init:2
executeUserEntryPoint @ node:internal/modules/run_main:101
(anonymous) @ node:internal/main/run_main_module:23
ADSR.js:161 Uncaught TypeError: Cannot convert undefined or null to object
    at Function.entries (<anonymous>)
    at ADSR.drawConnectors (ADSR.js:161:16)
    at ADSR.draw (ADSR.js:119:14)
    at renderer.js:507:12
    at Array.forEach (<anonymous>)
    at draw (renderer.js:506:17)
drawConnectors @ ADSR.js:161
draw @ ADSR.js:119
(anonymous) @ renderer.js:507
draw @ renderer.js:506
requestAnimationFrame (async)
draw @ renderer.js:426
requestAnimationFrame (async)
draw @ renderer.js:426
requestAnimationFrame (async)
draw @ renderer.js:426
requestAnimationFrame (async)
draw @ renderer.js:426
requestAnimationFrame (async)
draw @ renderer.js:426
requestAnimationFrame (async)
draw @ renderer.js:426
requestAnimationFrame (async)
draw @ renderer.js:426
requestAnimationFrame (async)
draw @ renderer.js:426
requestAnimationFrame (async)
draw @ renderer.js:426
requestAnimationFrame (async)
draw @ renderer.js:426
requestAnimationFrame (async)
draw @ renderer.js:426
requestAnimationFrame (async)
draw @ renderer.js:426
requestAnimationFrame (async)
draw @ renderer.js:426
requestAnimationFrame (async)
draw @ renderer.js:426
requestAnimationFrame (async)
draw @ renderer.js:426
requestAnimationFrame (async)
draw @ renderer.js:426
requestAnimationFrame (async)
draw @ renderer.js:426
requestAnimationFrame (async)
draw @ renderer.js:426
requestAnimationFrame (async)
draw @ renderer.js:426
requestAnimationFrame (async)
draw @ renderer.js:426
requestAnimationFrame (async)
draw @ renderer.js:426
requestAnimationFrame (async)
draw @ renderer.js:426
requestAnimationFrame (async)
draw @ renderer.js:426
requestAnimationFrame (async)
draw @ renderer.js:426
requestAnimationFrame (async)
draw @ renderer.js:426
requestAnimationFrame (async)
draw @ renderer.js:426
requestAnimationFrame (async)
draw @ renderer.js:426
requestAnimationFrame (async)
draw @ renderer.js:426
requestAnimationFrame (async)
draw @ renderer.js:426
requestAnimationFrame (async)
draw @ renderer.js:426
requestAnimationFrame (async)
draw @ renderer.js:426
requestAnimationFrame (async)
draw @ renderer.js:426
ADSR.js:226 Uncaught TypeError: Cannot convert undefined or null to object
    at Function.entries (<anonymous>)
    at ADSR.getConnectorAt (ADSR.js:226:44)
    at getModuleAndConnectorAt (renderer.js:780:30)
    at HTMLCanvasElement.onMouseMove (renderer.js:636:15)
getConnectorAt @ ADSR.js:226
getModuleAndConnectorAt @ renderer.js:780
onMouseMove @ renderer.js:636
ADSR.js:226 Uncaught TypeError: Cannot convert undefined or null to object
    at Function.entries (<anonymous>)
    at ADSR.getConnectorAt (ADSR.js:226:44)
    at getModuleAndConnectorAt (renderer.js:780:30)
    at HTMLCanvasElement.onMouseMove (renderer.js:636:15)
getConnectorAt @ ADSR.js:226
getModuleAndConnectorAt @ renderer.js:780
onMouseMove @ renderer.js:636
ADSR.js:226 Uncaught TypeError: Cannot convert undefined or null to object
    at Function.entries (<anonymous>)
    at ADSR.getConnectorAt (ADSR.js:226:44)
    at getModuleAndConnectorAt (renderer.js:780:30)
    at HTMLCanvasElement.onMouseMove (renderer.js:636:15)
getConnectorAt @ ADSR.js:226
getModuleAndConnectorAt @ renderer.js:780
onMouseMove @ renderer.js:636
ADSR.js:226 Uncaught TypeError: Cannot convert undefined or null to object
    at Function.entries (<anonymous>)
    at ADSR.getConnectorAt (ADSR.js:226:44)
    at getModuleAndConnectorAt (renderer.js:780:30)
    at HTMLCanvasElement.onMouseMove (renderer.js:636:15)
getConnectorAt @ ADSR.js:226
getModuleAndConnectorAt @ renderer.js:780
onMouseMove @ renderer.js:636
ADSR.js:226 Uncaught TypeError: Cannot convert undefined or null to object
    at Function.entries (<anonymous>)
    at ADSR.getConnectorAt (ADSR.js:226:44)
    at getModuleAndConnectorAt (renderer.js:780:30)
    at HTMLCanvasElement.onMouseMove (renderer.js:636:15)
getConnectorAt @ ADSR.js:226
getModuleAndConnectorAt @ renderer.js:780
onMouseMove @ renderer.js:636
ADSR.js:226 Uncaught TypeError: Cannot convert undefined or null to object
    at Function.entries (<anonymous>)
    at ADSR.getConnectorAt (ADSR.js:226:44)
    at getModuleAndConnectorAt (renderer.js:780:30)
    at HTMLCanvasElement.onMouseMove (renderer.js:636:15)
getConnectorAt @ ADSR.js:226
getModuleAndConnectorAt @ renderer.js:780
onMouseMove @ renderer.js:636
ADSR.js:226 Uncaught TypeError: Cannot convert undefined or null to object
    at Function.entries (<anonymous>)
    at ADSR.getConnectorAt (ADSR.js:226:44)
    at getModuleAndConnectorAt (renderer.js:780:30)
    at HTMLCanvasElement.onMouseMove (renderer.js:636:15)
getConnectorAt @ ADSR.js:226
getModuleAndConnectorAt @ renderer.js:780
onMouseMove @ renderer.js:636
ADSR.js:226 Uncaught TypeError: Cannot convert undefined or null to object
    at Function.entries (<anonymous>)
    at ADSR.getConnectorAt (ADSR.js:226:44)
    at getModuleAndConnectorAt (renderer.js:780:30)
    at HTMLCanvasElement.onMouseMove (renderer.js:636:15)
getConnectorAt @ ADSR.js:226
getModuleAndConnectorAt @ renderer.js:780
onMouseMove @ renderer.js:636
ADSR.js:226 Uncaught TypeError: Cannot convert undefined or null to object
    at Function.entries (<anonymous>)
    at ADSR.getConnectorAt (ADSR.js:226:44)
    at getModuleAndConnectorAt (renderer.js:780:30)
    at HTMLCanvasElement.onMouseMove (renderer.js:636:15)
getConnectorAt @ ADSR.js:226
getModuleAndConnectorAt @ renderer.js:780
onMouseMove @ renderer.js:636
ADSR.js:226 Uncaught TypeError: Cannot convert undefined or null to object
    at Function.entries (<anonymous>)
    at ADSR.getConnectorAt (ADSR.js:226:44)
    at getModuleAndConnectorAt (renderer.js:780:30)
    at HTMLCanvasElement.onMouseMove (renderer.js:636:15)
getConnectorAt @ ADSR.js:226
getModuleAndConnectorAt @ renderer.js:780
onMouseMove @ renderer.js:636
ADSR.js:226 Uncaught TypeError: Cannot convert undefined or null to object
    at Function.entries (<anonymous>)
    at ADSR.getConnectorAt (ADSR.js:226:44)
    at getModuleAndConnectorAt (renderer.js:780:30)
    at HTMLCanvasElement.onMouseMove (renderer.js:636:15)
getConnectorAt @ ADSR.js:226
getModuleAndConnectorAt @ renderer.js:780
onMouseMove @ renderer.js:636
ADSR.js:226 Uncaught TypeError: Cannot convert undefined or null to object
    at Function.entries (<anonymous>)
    at ADSR.getConnectorAt (ADSR.js:226:44)
    at getModuleAndConnectorAt (renderer.js:780:30)
    at HTMLCanvasElement.onMouseMove (renderer.js:636:15)
getConnectorAt @ ADSR.js:226
getModuleAndConnectorAt @ renderer.js:780
onMouseMove @ renderer.js:636
ADSR.js:226 Uncaught TypeError: Cannot convert undefined or null to object
    at Function.entries (<anonymous>)
    at ADSR.getConnectorAt (ADSR.js:226:44)
    at getModuleAndConnectorAt (renderer.js:780:30)
    at HTMLCanvasElement.onMouseMove (renderer.js:636:15)
getConnectorAt @ ADSR.js:226
getModuleAndConnectorAt @ renderer.js:780
onMouseMove @ renderer.js:636
ADSR.js:226 Uncaught TypeError: Cannot convert undefined or null to object
    at Function.entries (<anonymous>)
    at ADSR.getConnectorAt (ADSR.js:226:44)
    at getModuleAndConnectorAt (renderer.js:780:30)
    at HTMLCanvasElement.onMouseMove (renderer.js:636:15)
getConnectorAt @ ADSR.js:226
getModuleAndConnectorAt @ renderer.js:780
onMouseMove @ renderer.js:636
ADSR.js:226 Uncaught TypeError: Cannot convert undefined or null to object
    at Function.entries (<anonymous>)
    at ADSR.getConnectorAt (ADSR.js:226:44)
    at getModuleAndConnectorAt (renderer.js:780:30)
    at HTMLCanvasElement.onMouseMove (renderer.js:636:15)
getConnectorAt @ ADSR.js:226
getModuleAndConnectorAt @ renderer.js:780
onMouseMove @ renderer.js:636
ADSR.js:226 Uncaught TypeError: Cannot convert undefined or null to object
    at Function.entries (<anonymous>)
    at ADSR.getConnectorAt (ADSR.js:226:44)
    at getModuleAndConnectorAt (renderer.js:780:30)
    at HTMLCanvasElement.onMouseMove (renderer.js:636:15)
getConnectorAt @ ADSR.js:226
getModuleAndConnectorAt @ renderer.js:780
onMouseMove @ renderer.js:636
ADSR.js:226 Uncaught TypeError: Cannot convert undefined or null to object
    at Function.entries (<anonymous>)
    at ADSR.getConnectorAt (ADSR.js:226:44)
    at getModuleAndConnectorAt (renderer.js:780:30)
    at HTMLCanvasElement.onMouseMove (renderer.js:636:15)
getConnectorAt @ ADSR.js:226
getModuleAndConnectorAt @ renderer.js:780
onMouseMove @ renderer.js:636
ADSR.js:226 Uncaught TypeError: Cannot convert undefined or null to object
    at Function.entries (<anonymous>)
    at ADSR.getConnectorAt (ADSR.js:226:44)
    at getModuleAndConnectorAt (renderer.js:780:30)
    at HTMLCanvasElement.onMouseMove (renderer.js:636:15)
getConnectorAt @ ADSR.js:226
getModuleAndConnectorAt @ renderer.js:780
onMouseMove @ renderer.js:636
ADSR.js:226 Uncaught TypeError: Cannot convert undefined or null to object
    at Function.entries (<anonymous>)
    at ADSR.getConnectorAt (ADSR.js:226:44)
    at getModuleAndConnectorAt (renderer.js:780:30)
    at HTMLCanvasElement.onMouseMove (renderer.js:636:15)
getConnectorAt @ ADSR.js:226
getModuleAndConnectorAt @ renderer.js:780
onMouseMove @ renderer.js:636
ADSR.js:226 Uncaught TypeError: Cannot convert undefined or null to object
    at Function.entries (<anonymous>)
    at ADSR.getConnectorAt (ADSR.js:226:44)
    at getModuleAndConnectorAt (renderer.js:780:30)
    at HTMLCanvasElement.onMouseMove (renderer.js:636:15)
getConnectorAt @ ADSR.js:226
getModuleAndConnectorAt @ renderer.js:780
onMouseMove @ renderer.js:636
ADSR.js:226 Uncaught TypeError: Cannot convert undefined or null to object
    at Function.entries (<anonymous>)
    at ADSR.getConnectorAt (ADSR.js:226:44)
    at getModuleAndConnectorAt (renderer.js:780:30)
    at HTMLCanvasElement.onMouseMove (renderer.js:636:15)
getConnectorAt @ ADSR.js:226
getModuleAndConnectorAt @ renderer.js:780
onMouseMove @ renderer.js:636
ADSR.js:226 Uncaught TypeError: Cannot convert undefined or null to object
    at Function.entries (<anonymous>)
    at ADSR.getConnectorAt (ADSR.js:226:44)
    at getModuleAndConnectorAt (renderer.js:780:30)
    at HTMLCanvasElement.onMouseMove (renderer.js:636:15)
getConnectorAt @ ADSR.js:226
getModuleAndConnectorAt @ renderer.js:780
onMouseMove @ renderer.js:636
ADSR.js:226 Uncaught TypeError: Cannot convert undefined or null to object
    at Function.entries (<anonymous>)
    at ADSR.getConnectorAt (ADSR.js:226:44)
    at getModuleAndConnectorAt (renderer.js:780:30)
    at HTMLCanvasElement.onMouseMove (renderer.js:636:15)
getConnectorAt @ ADSR.js:226
getModuleAndConnectorAt @ renderer.js:780
onMouseMove @ renderer.js:636
ADSR.js:226 Uncaught TypeError: Cannot convert undefined or null to object
    at Function.entries (<anonymous>)
    at ADSR.getConnectorAt (ADSR.js:226:44)
    at getModuleAndConnectorAt (renderer.js:780:30)
    at HTMLCanvasElement.onMouseMove (renderer.js:636:15)
getConnectorAt @ ADSR.js:226
getModuleAndConnectorAt @ renderer.js:780
onMouseMove @ renderer.js:636
ADSR.js:226 Uncaught TypeError: Cannot convert undefined or null to object
    at Function.entries (<anonymous>)
    at ADSR.getConnectorAt (ADSR.js:226:44)
    at getModuleAndConnectorAt (renderer.js:780:30)
    at HTMLCanvasElement.onMouseMove (renderer.js:636:15)
getConnectorAt @ ADSR.js:226
getModuleAndConnectorAt @ renderer.js:780
onMouseMove @ renderer.js:636
ADSR.js:226 Uncaught TypeError: Cannot convert undefined or null to object
    at Function.entries (<anonymous>)
    at ADSR.getConnectorAt (ADSR.js:226:44)
    at getModuleAndConnectorAt (renderer.js:780:30)
    at HTMLCanvasElement.onMouseMove (renderer.js:636:15)
getConnectorAt @ ADSR.js:226
getModuleAndConnectorAt @ renderer.js:780
onMouseMove @ renderer.js:636
ADSR.js:226 Uncaught TypeError: Cannot convert undefined or null to object
    at Function.entries (<anonymous>)
    at ADSR.getConnectorAt (ADSR.js:226:44)
    at getModuleAndConnectorAt (renderer.js:780:30)
    at HTMLCanvasElement.onMouseMove (renderer.js:636:15)
getConnectorAt @ ADSR.js:226
getModuleAndConnectorAt @ renderer.js:780
onMouseMove @ renderer.js:636
ADSR.js:226 Uncaught TypeError: Cannot convert undefined or null to object
    at Function.entries (<anonymous>)
    at ADSR.getConnectorAt (ADSR.js:226:44)
    at getModuleAndConnectorAt (renderer.js:780:30)
    at HTMLCanvasElement.onMouseMove (renderer.js:636:15)
getConnectorAt @ ADSR.js:226
getModuleAndConnectorAt @ renderer.js:780
onMouseMove @ renderer.js:636
ADSR.js:226 Uncaught TypeError: Cannot convert undefined or null to object
    at Function.entries (<anonymous>)
    at ADSR.getConnectorAt (ADSR.js:226:44)
    at getModuleAndConnectorAt (renderer.js:780:30)
    at HTMLCanvasElement.onMouseMove (renderer.js:636:15)
getConnectorAt @ ADSR.js:226
getModuleAndConnectorAt @ renderer.js:780
onMouseMove @ renderer.js:636
ADSR.js:226 Uncaught TypeError: Cannot convert undefined or null to object
    at Function.entries (<anonymous>)
    at ADSR.getConnectorAt (ADSR.js:226:44)
    at getModuleAndConnectorAt (renderer.js:780:30)
    at HTMLCanvasElement.onMouseMove (renderer.js:636:15)
getConnectorAt @ ADSR.js:226
getModuleAndConnectorAt @ renderer.js:780
onMouseMove @ renderer.js:636
ADSR.js:226 Uncaught TypeError: Cannot convert undefined or null to object
    at Function.entries (<anonymous>)
    at ADSR.getConnectorAt (ADSR.js:226:44)
    at getModuleAndConnectorAt (renderer.js:780:30)
    at HTMLCanvasElement.onMouseMove (renderer.js:636:15)
getConnectorAt @ ADSR.js:226
getModuleAndConnectorAt @ renderer.js:780
onMouseMove @ renderer.js:636
ADSR.js:226 Uncaught TypeError: Cannot convert undefined or null to object
    at Function.entries (<anonymous>)
    at ADSR.getConnectorAt (ADSR.js:226:44)
    at getModuleAndConnectorAt (renderer.js:780:30)
    at HTMLCanvasElement.onMouseMove (renderer.js:636:15)
getConnectorAt @ ADSR.js:226
getModuleAndConnectorAt @ renderer.js:780
onMouseMove @ renderer.js:636
ADSR.js:226 Uncaught TypeError: Cannot convert undefined or null to object
    at Function.entries (<anonymous>)
    at ADSR.getConnectorAt (ADSR.js:226:44)
    at getModuleAndConnectorAt (renderer.js:780:30)
    at HTMLCanvasElement.onMouseMove (renderer.js:636:15)
getConnectorAt @ ADSR.js:226
getModuleAndConnectorAt @ renderer.js:780
onMouseMove @ renderer.js:636
ADSR.js:226 Uncaught TypeError: Cannot convert undefined or null to object
    at Function.entries (<anonymous>)
    at ADSR.getConnectorAt (ADSR.js:226:44)
    at getModuleAndConnectorAt (renderer.js:780:30)
    at HTMLCanvasElement.onMouseMove (renderer.js:636:15)
getConnectorAt @ ADSR.js:226
getModuleAndConnectorAt @ renderer.js:780
onMouseMove @ renderer.js:636
ADSR.js:226 Uncaught TypeError: Cannot convert undefined or null to object
    at Function.entries (<anonymous>)
    at ADSR.getConnectorAt (ADSR.js:226:44)
    at getModuleAndConnectorAt (renderer.js:780:30)
    at HTMLCanvasElement.onMouseMove (renderer.js:636:15)
getConnectorAt @ ADSR.js:226
getModuleAndConnectorAt @ renderer.js:780
onMouseMove @ renderer.js:636
ADSR.js:226 Uncaught TypeError: Cannot convert undefined or null to object
    at Function.entries (<anonymous>)
    at ADSR.getConnectorAt (ADSR.js:226:44)
    at getModuleAndConnectorAt (renderer.js:780:30)
    at HTMLCanvasElement.onMouseMove (renderer.js:636:15)
getConnectorAt @ ADSR.js:226
getModuleAndConnectorAt @ renderer.js:780
onMouseMove @ renderer.js:636
ADSR.js:226 Uncaught TypeError: Cannot convert undefined or null to object
    at Function.entries (<anonymous>)
    at ADSR.getConnectorAt (ADSR.js:226:44)
    at getModuleAndConnectorAt (renderer.js:780:30)
    at HTMLCanvasElement.onMouseMove (renderer.js:636:15)
getConnectorAt @ ADSR.js:226
getModuleAndConnectorAt @ renderer.js:780
onMouseMove @ renderer.js:636
ADSR.js:226 Uncaught TypeError: Cannot convert undefined or null to object
    at Function.entries (<anonymous>)
    at ADSR.getConnectorAt (ADSR.js:226:44)
    at getModuleAndConnectorAt (renderer.js:780:30)
    at HTMLCanvasElement.onMouseMove (renderer.js:636:15)
getConnectorAt @ ADSR.js:226
getModuleAndConnectorAt @ renderer.js:780
onMouseMove @ renderer.js:636
ADSR.js:226 Uncaught TypeError: Cannot convert undefined or null to object
    at Function.entries (<anonymous>)
    at ADSR.getConnectorAt (ADSR.js:226:44)
    at getModuleAndConnectorAt (renderer.js:780:30)
    at HTMLCanvasElement.onMouseMove (renderer.js:636:15)
getConnectorAt @ ADSR.js:226
getModuleAndConnectorAt @ renderer.js:780
onMouseMove @ renderer.js:636
ADSR.js:226 Uncaught TypeError: Cannot convert undefined or null to object
    at Function.entries (<anonymous>)
    at ADSR.getConnectorAt (ADSR.js:226:44)
    at getModuleAndConnectorAt (renderer.js:780:30)
    at HTMLCanvasElement.onMouseMove (renderer.js:636:15)
getConnectorAt @ ADSR.js:226
getModuleAndConnectorAt @ renderer.js:780
onMouseMove @ renderer.js:636
ADSR.js:226 Uncaught TypeError: Cannot convert undefined or null to object
    at Function.entries (<anonymous>)
    at ADSR.getConnectorAt (ADSR.js:226:44)
    at getModuleAndConnectorAt (renderer.js:780:30)
    at HTMLCanvasElement.onMouseMove (renderer.js:636:15)
getConnectorAt @ ADSR.js:226
getModuleAndConnectorAt @ renderer.js:780
onMouseMove @ renderer.js:636
ADSR.js:226 Uncaught TypeError: Cannot convert undefined or null to object
    at Function.entries (<anonymous>)
    at ADSR.getConnectorAt (ADSR.js:226:44)
    at getModuleAndConnectorAt (renderer.js:780:30)
    at HTMLCanvasElement.onMouseMove (renderer.js:636:15)
getConnectorAt @ ADSR.js:226
getModuleAndConnectorAt @ renderer.js:780
onMouseMove @ renderer.js:636
ADSR.js:226 Uncaught TypeError: Cannot convert undefined or null to object
    at Function.entries (<anonymous>)
    at ADSR.getConnectorAt (ADSR.js:226:44)
    at getModuleAndConnectorAt (renderer.js:780:30)
    at HTMLCanvasElement.onMouseMove (renderer.js:636:15)
getConnectorAt @ ADSR.js:226
getModuleAndConnectorAt @ renderer.js:780
onMouseMove @ renderer.js:636
ADSR.js:226 Uncaught TypeError: Cannot convert undefined or null to object
    at Function.entries (<anonymous>)
    at ADSR.getConnectorAt (ADSR.js:226:44)
    at getModuleAndConnectorAt (renderer.js:780:30)
    at HTMLCanvasElement.onMouseMove (renderer.js:636:15)
getConnectorAt @ ADSR.js:226
getModuleAndConnectorAt @ renderer.js:780
onMouseMove @ renderer.js:636
ADSR.js:226 Uncaught TypeError: Cannot convert undefined or null to object
    at Function.entries (<anonymous>)
    at ADSR.getConnectorAt (ADSR.js:226:44)
    at getModuleAndConnectorAt (renderer.js:780:30)
    at HTMLCanvasElement.onMouseMove (renderer.js:636:15)
getConnectorAt @ ADSR.js:226
getModuleAndConnectorAt @ renderer.js:780
onMouseMove @ renderer.js:636
ADSR.js:226 Uncaught TypeError: Cannot convert undefined or null to object
    at Function.entries (<anonymous>)
    at ADSR.getConnectorAt (ADSR.js:226:44)
    at getModuleAndConnectorAt (renderer.js:780:30)
    at HTMLCanvasElement.onMouseMove (renderer.js:636:15)
getConnectorAt @ ADSR.js:226
getModuleAndConnectorAt @ renderer.js:780
onMouseMove @ renderer.js:636
ADSR.js:226 Uncaught TypeError: Cannot convert undefined or null to object
    at Function.entries (<anonymous>)
    at ADSR.getConnectorAt (ADSR.js:226:44)
    at getModuleAndConnectorAt (renderer.js:780:30)
    at HTMLCanvasElement.onMouseMove (renderer.js:636:15)
getConnectorAt @ ADSR.js:226
getModuleAndConnectorAt @ renderer.js:780
onMouseMove @ renderer.js:636
ADSR.js:226 Uncaught TypeError: Cannot convert undefined or null to object
    at Function.entries (<anonymous>)
    at ADSR.getConnectorAt (ADSR.js:226:44)
    at getModuleAndConnectorAt (renderer.js:780:30)
    at HTMLCanvasElement.onMouseMove (renderer.js:636:15)
getConnectorAt @ ADSR.js:226
getModuleAndConnectorAt @ renderer.js:780
onMouseMove @ renderer.js:636
ADSR.js:226 Uncaught TypeError: Cannot convert undefined or null to object
    at Function.entries (<anonymous>)
    at ADSR.getConnectorAt (ADSR.js:226:44)
    at getModuleAndConnectorAt (renderer.js:780:30)
    at HTMLCanvasElement.onMouseMove (renderer.js:636:15)
getConnectorAt @ ADSR.js:226
getModuleAndConnectorAt @ renderer.js:780
onMouseMove @ renderer.js:636
ADSR.js:226 Uncaught TypeError: Cannot convert undefined or null to object
    at Function.entries (<anonymous>)
    at ADSR.getConnectorAt (ADSR.js:226:44)
    at getModuleAndConnectorAt (renderer.js:780:30)
    at HTMLCanvasElement.onMouseMove (renderer.js:636:15)
getConnectorAt @ ADSR.js:226
getModuleAndConnectorAt @ renderer.js:780
onMouseMove @ renderer.js:636
ADSR.js:226 Uncaught TypeError: Cannot convert undefined or null to object
    at Function.entries (<anonymous>)
    at ADSR.getConnectorAt (ADSR.js:226:44)
    at getModuleAndConnectorAt (renderer.js:780:30)
    at HTMLCanvasElement.onMouseMove (renderer.js:636:15)
getConnectorAt @ ADSR.js:226
getModuleAndConnectorAt @ renderer.js:780
onMouseMove @ renderer.js:636
ADSR.js:226 Uncaught TypeError: Cannot convert undefined or null to object
    at Function.entries (<anonymous>)
    at ADSR.getConnectorAt (ADSR.js:226:44)
    at getModuleAndConnectorAt (renderer.js:780:30)
    at HTMLCanvasElement.onMouseMove (renderer.js:636:15)
getConnectorAt @ ADSR.js:226
getModuleAndConnectorAt @ renderer.js:780
onMouseMove @ renderer.js:636
ADSR.js:226 Uncaught TypeError: Cannot convert undefined or null to object
    at Function.entries (<anonymous>)
    at ADSR.getConnectorAt (ADSR.js:226:44)
    at getModuleAndConnectorAt (renderer.js:780:30)
    at HTMLCanvasElement.onMouseMove (renderer.js:636:15)
getConnectorAt @ ADSR.js:226
getModuleAndConnectorAt @ renderer.js:780
onMouseMove @ renderer.js:636
ADSR.js:226 Uncaught TypeError: Cannot convert undefined or null to object
    at Function.entries (<anonymous>)
    at ADSR.getConnectorAt (ADSR.js:226:44)
    at getModuleAndConnectorAt (renderer.js:780:30)
    at HTMLCanvasElement.onMouseMove (renderer.js:636:15)
getConnectorAt @ ADSR.js:226
getModuleAndConnectorAt @ renderer.js:780
onMouseMove @ renderer.js:636
ADSR.js:226 Uncaught TypeError: Cannot convert undefined or null to object
    at Function.entries (<anonymous>)
    at ADSR.getConnectorAt (ADSR.js:226:44)
    at getModuleAndConnectorAt (renderer.js:780:30)
    at HTMLCanvasElement.onMouseMove (renderer.js:636:15)
getConnectorAt @ ADSR.js:226
getModuleAndConnectorAt @ renderer.js:780
onMouseMove @ renderer.js:636
ADSR.js:226 Uncaught TypeError: Cannot convert undefined or null to object
    at Function.entries (<anonymous>)
    at ADSR.getConnectorAt (ADSR.js:226:44)
    at getModuleAndConnectorAt (renderer.js:780:30)
    at HTMLCanvasElement.onMouseMove (renderer.js:636:15)
getConnectorAt @ ADSR.js:226
getModuleAndConnectorAt @ renderer.js:780
onMouseMove @ renderer.js:636
ADSR.js:226 Uncaught TypeError: Cannot convert undefined or null to object
    at Function.entries (<anonymous>)
    at ADSR.getConnectorAt (ADSR.js:226:44)
    at getModuleAndConnectorAt (renderer.js:780:30)
    at HTMLCanvasElement.onMouseDown (renderer.js:574:26)
getConnectorAt @ ADSR.js:226
getModuleAndConnectorAt @ renderer.js:780
onMouseDown @ renderer.js:574
ADSR.js:226 Uncaught TypeError: Cannot convert undefined or null to object
    at Function.entries (<anonymous>)
    at ADSR.getConnectorAt (ADSR.js:226:44)
    at getModuleAndConnectorAt (renderer.js:780:30)
    at HTMLCanvasElement.onMouseMove (renderer.js:636:15)
getConnectorAt @ ADSR.js:226
getModuleAndConnectorAt @ renderer.js:780
onMouseMove @ renderer.js:636
ADSR.js:226 Uncaught TypeError: Cannot convert undefined or null to object
    at Function.entries (<anonymous>)
    at ADSR.getConnectorAt (ADSR.js:226:44)
    at getModuleAndConnectorAt (renderer.js:780:30)
    at HTMLCanvasElement.onMouseMove (renderer.js:636:15)
getConnectorAt @ ADSR.js:226
getModuleAndConnectorAt @ renderer.js:780
onMouseMove @ renderer.js:636
ADSR.js:226 Uncaught TypeError: Cannot convert undefined or null to object
    at Function.entries (<anonymous>)
    at ADSR.getConnectorAt (ADSR.js:226:44)
    at getModuleAndConnectorAt (renderer.js:780:30)
    at HTMLCanvasElement.onMouseMove (renderer.js:636:15)
getConnectorAt @ ADSR.js:226
getModuleAndConnectorAt @ renderer.js:780
onMouseMove @ renderer.js:636
ADSR.js:226 Uncaught TypeError: Cannot convert undefined or null to object
    at Function.entries (<anonymous>)
    at ADSR.getConnectorAt (ADSR.js:226:44)
    at getModuleAndConnectorAt (renderer.js:780:30)
    at HTMLCanvasElement.onMouseMove (renderer.js:636:15)
getConnectorAt @ ADSR.js:226
getModuleAndConnectorAt @ renderer.js:780
onMouseMove @ renderer.js:636
ADSR.js:226 Uncaught TypeError: Cannot convert undefined or null to object
    at Function.entries (<anonymous>)
    at ADSR.getConnectorAt (ADSR.js:226:44)
    at getModuleAndConnectorAt (renderer.js:780:30)
    at HTMLCanvasElement.onMouseMove (renderer.js:636:15)
getConnectorAt @ ADSR.js:226
getModuleAndConnectorAt @ renderer.js:780
onMouseMove @ renderer.js:636
ADSR.js:226 Uncaught TypeError: Cannot convert undefined or null to object
    at Function.entries (<anonymous>)
    at ADSR.getConnectorAt (ADSR.js:226:44)
    at getModuleAndConnectorAt (renderer.js:780:30)
    at HTMLCanvasElement.onMouseMove (renderer.js:636:15)
getConnectorAt @ ADSR.js:226
getModuleAndConnectorAt @ renderer.js:780
onMouseMove @ renderer.js:636
ADSR.js:226 Uncaught TypeError: Cannot convert undefined or null to object
    at Function.entries (<anonymous>)
    at ADSR.getConnectorAt (ADSR.js:226:44)
    at getModuleAndConnectorAt (renderer.js:780:30)
    at HTMLCanvasElement.onMouseMove (renderer.js:636:15)
getConnectorAt @ ADSR.js:226
getModuleAndConnectorAt @ renderer.js:780
onMouseMove @ renderer.js:636
ADSR.js:226 Uncaught TypeError: Cannot convert undefined or null to object
    at Function.entries (<anonymous>)
    at ADSR.getConnectorAt (ADSR.js:226:44)
    at getModuleAndConnectorAt (renderer.js:780:30)
    at HTMLCanvasElement.onMouseMove (renderer.js:636:15)
getConnectorAt @ ADSR.js:226
getModuleAndConnectorAt @ renderer.js:780
onMouseMove @ renderer.js:636
ADSR.js:226 Uncaught TypeError: Cannot convert undefined or null to object
    at Function.entries (<anonymous>)
    at ADSR.getConnectorAt (ADSR.js:226:44)
    at getModuleAndConnectorAt (renderer.js:780:30)
    at HTMLCanvasElement.onMouseMove (renderer.js:636:15)
getConnectorAt @ ADSR.js:226
getModuleAndConnectorAt @ renderer.js:780
onMouseMove @ renderer.js:636
ADSR.js:226 Uncaught TypeError: Cannot convert undefined or null to object
    at Function.entries (<anonymous>)
    at ADSR.getConnectorAt (ADSR.js:226:44)
    at getModuleAndConnectorAt (renderer.js:780:30)
    at HTMLCanvasElement.onMouseMove (renderer.js:636:15)
getConnectorAt @ ADSR.js:226
getModuleAndConnectorAt @ renderer.js:780
onMouseMove @ renderer.js:636
ADSR.js:226 Uncaught TypeError: Cannot convert undefined or null to object
    at Function.entries (<anonymous>)
    at ADSR.getConnectorAt (ADSR.js:226:44)
    at getModuleAndConnectorAt (renderer.js:780:30)
    at HTMLCanvasElement.onMouseMove (renderer.js:636:15)
getConnectorAt @ ADSR.js:226
getModuleAndConnectorAt @ renderer.js:780
onMouseMove @ renderer.js:636
ADSR.js:226 Uncaught TypeError: Cannot convert undefined or null to object
    at Function.entries (<anonymous>)
    at ADSR.getConnectorAt (ADSR.js:226:44)
    at getModuleAndConnectorAt (renderer.js:780:30)
    at HTMLCanvasElement.onMouseMove (renderer.js:636:15)
getConnectorAt @ ADSR.js:226
getModuleAndConnectorAt @ renderer.js:780
onMouseMove @ renderer.js:636
ADSR.js:226 Uncaught TypeError: Cannot convert undefined or null to object
    at Function.entries (<anonymous>)
    at ADSR.getConnectorAt (ADSR.js:226:44)
    at getModuleAndConnectorAt (renderer.js:780:30)
    at HTMLCanvasElement.onMouseMove (renderer.js:636:15)
getConnectorAt @ ADSR.js:226
getModuleAndConnectorAt @ renderer.js:780
onMouseMove @ renderer.js:636
ADSR.js:226 Uncaught TypeError: Cannot convert undefined or null to object
    at Function.entries (<anonymous>)
    at ADSR.getConnectorAt (ADSR.js:226:44)
    at getModuleAndConnectorAt (renderer.js:780:30)
    at HTMLCanvasElement.onMouseMove (renderer.js:636:15)
getConnectorAt @ ADSR.js:226
getModuleAndConnectorAt @ renderer.js:780
onMouseMove @ renderer.js:636
ADSR.js:226 Uncaught TypeError: Cannot convert undefined or null to object
    at Function.entries (<anonymous>)
    at ADSR.getConnectorAt (ADSR.js:226:44)
    at getModuleAndConnectorAt (renderer.js:780:30)
    at HTMLCanvasElement.onMouseMove (renderer.js:636:15)
getConnectorAt @ ADSR.js:226
getModuleAndConnectorAt @ renderer.js:780
onMouseMove @ renderer.js:636
ADSR.js:226 Uncaught TypeError: Cannot convert undefined or null to object
    at Function.entries (<anonymous>)
    at ADSR.getConnectorAt (ADSR.js:226:44)
    at getModuleAndConnectorAt (renderer.js:780:30)
    at HTMLCanvasElement.onMouseMove (renderer.js:636:15)
getConnectorAt @ ADSR.js:226
getModuleAndConnectorAt @ renderer.js:780
onMouseMove @ renderer.js:636
ADSR.js:226 Uncaught TypeError: Cannot convert undefined or null to object
    at Function.entries (<anonymous>)
    at ADSR.getConnectorAt (ADSR.js:226:44)
    at getModuleAndConnectorAt (renderer.js:780:30)
    at HTMLCanvasElement.onMouseMove (renderer.js:636:15)
getConnectorAt @ ADSR.js:226
getModuleAndConnectorAt @ renderer.js:780
onMouseMove @ renderer.js:636
ADSR.js:226 Uncaught TypeError: Cannot convert undefined or null to object
    at Function.entries (<anonymous>)
    at ADSR.getConnectorAt (ADSR.js:226:44)
    at getModuleAndConnectorAt (renderer.js:780:30)
    at HTMLCanvasElement.onMouseMove (renderer.js:636:15)
getConnectorAt @ ADSR.js:226
getModuleAndConnectorAt @ renderer.js:780
onMouseMove @ renderer.js:636
ADSR.js:226 Uncaught TypeError: Cannot convert undefined or null to object
    at Function.entries (<anonymous>)
    at ADSR.getConnectorAt (ADSR.js:226:44)
    at getModuleAndConnectorAt (renderer.js:780:30)
    at HTMLCanvasElement.onMouseMove (renderer.js:636:15)
getConnectorAt @ ADSR.js:226
getModuleAndConnectorAt @ renderer.js:780
onMouseMove @ renderer.js:636
ADSR.js:226 Uncaught TypeError: Cannot convert undefined or null to object
    at Function.entries (<anonymous>)
    at ADSR.getConnectorAt (ADSR.js:226:44)
    at getModuleAndConnectorAt (renderer.js:780:30)
    at HTMLCanvasElement.onMouseMove (renderer.js:636:15)
getConnectorAt @ ADSR.js:226
getModuleAndConnectorAt @ renderer.js:780
onMouseMove @ renderer.js:636
ADSR.js:226 Uncaught TypeError: Cannot convert undefined or null to object
    at Function.entries (<anonymous>)
    at ADSR.getConnectorAt (ADSR.js:226:44)
    at getModuleAndConnectorAt (renderer.js:780:30)
    at HTMLCanvasElement.onMouseMove (renderer.js:636:15)
getConnectorAt @ ADSR.js:226
getModuleAndConnectorAt @ renderer.js:780
onMouseMove @ renderer.js:636
ADSR.js:226 Uncaught TypeError: Cannot convert undefined or null to object
    at Function.entries (<anonymous>)
    at ADSR.getConnectorAt (ADSR.js:226:44)
    at getModuleAndConnectorAt (renderer.js:780:30)
    at HTMLCanvasElement.onMouseMove (renderer.js:636:15)
getConnectorAt @ ADSR.js:226
getModuleAndConnectorAt @ renderer.js:780
onMouseMove @ renderer.js:636
ADSR.js:226 Uncaught TypeError: Cannot convert undefined or null to object
    at Function.entries (<anonymous>)
    at ADSR.getConnectorAt (ADSR.js:226:44)
    at getModuleAndConnectorAt (renderer.js:780:30)
    at HTMLCanvasElement.onMouseMove (renderer.js:636:15)
getConnectorAt @ ADSR.js:226
getModuleAndConnectorAt @ renderer.js:780
onMouseMove @ renderer.js:636
ADSR.js:226 Uncaught TypeError: Cannot convert undefined or null to object
    at Function.entries (<anonymous>)
    at ADSR.getConnectorAt (ADSR.js:226:44)
    at getModuleAndConnectorAt (renderer.js:780:30)
    at HTMLCanvasElement.onMouseMove (renderer.js:636:15)
getConnectorAt @ ADSR.js:226
getModuleAndConnectorAt @ renderer.js:780
onMouseMove @ renderer.js:636
ADSR.js:226 Uncaught TypeError: Cannot convert undefined or null to object
    at Function.entries (<anonymous>)
    at ADSR.getConnectorAt (ADSR.js:226:44)
    at getModuleAndConnectorAt (renderer.js:780:30)
    at HTMLCanvasElement.onMouseMove (renderer.js:636:15)
getConnectorAt @ ADSR.js:226
getModuleAndConnectorAt @ renderer.js:780
onMouseMove @ renderer.js:636
ADSR.js:226 Uncaught TypeError: Cannot convert undefined or null to object
    at Function.entries (<anonymous>)
    at ADSR.getConnectorAt (ADSR.js:226:44)
    at getModuleAndConnectorAt (renderer.js:780:30)
    at HTMLCanvasElement.onMouseMove (renderer.js:636:15)
getConnectorAt @ ADSR.js:226
getModuleAndConnectorAt @ renderer.js:780
onMouseMove @ renderer.js:636
ADSR.js:226 Uncaught TypeError: Cannot convert undefined or null to object
    at Function.entries (<anonymous>)
    at ADSR.getConnectorAt (ADSR.js:226:44)
    at getModuleAndConnectorAt (renderer.js:780:30)
    at HTMLCanvasElement.onMouseMove (renderer.js:636:15)
getConnectorAt @ ADSR.js:226
getModuleAndConnectorAt @ renderer.js:780
onMouseMove @ renderer.js:636
ADSR.js:226 Uncaught TypeError: Cannot convert undefined or null to object
    at Function.entries (<anonymous>)
    at ADSR.getConnectorAt (ADSR.js:226:44)
    at getModuleAndConnectorAt (renderer.js:780:30)
    at HTMLCanvasElement.onMouseMove (renderer.js:636:15)
getConnectorAt @ ADSR.js:226
getModuleAndConnectorAt @ renderer.js:780
onMouseMove @ renderer.js:636
ADSR.js:226 Uncaught TypeError: Cannot convert undefined or null to object
    at Function.entries (<anonymous>)
    at ADSR.getConnectorAt (ADSR.js:226:44)
    at getModuleAndConnectorAt (renderer.js:780:30)
    at HTMLCanvasElement.onMouseMove (renderer.js:636:15)
getConnectorAt @ ADSR.js:226
getModuleAndConnectorAt @ renderer.js:780
onMouseMove @ renderer.js:636
ADSR.js:226 Uncaught TypeError: Cannot convert undefined or null to object
    at Function.entries (<anonymous>)
    at ADSR.getConnectorAt (ADSR.js:226:44)
    at getModuleAndConnectorAt (renderer.js:780:30)
    at HTMLCanvasElement.onMouseMove (renderer.js:636:15)
getConnectorAt @ ADSR.js:226
getModuleAndConnectorAt @ renderer.js:780
onMouseMove @ renderer.js:636
ADSR.js:226 Uncaught TypeError: Cannot convert undefined or null to object
    at Function.entries (<anonymous>)
    at ADSR.getConnectorAt (ADSR.js:226:44)
    at getModuleAndConnectorAt (renderer.js:780:30)
    at HTMLCanvasElement.onMouseMove (renderer.js:636:15)
getConnectorAt @ ADSR.js:226
getModuleAndConnectorAt @ renderer.js:780
onMouseMove @ renderer.js:636
ADSR.js:226 Uncaught TypeError: Cannot convert undefined or null to object
    at Function.entries (<anonymous>)
    at ADSR.getConnectorAt (ADSR.js:226:44)
    at getModuleAndConnectorAt (renderer.js:780:30)
    at HTMLCanvasElement.onMouseMove (renderer.js:636:15)
getConnectorAt @ ADSR.js:226
getModuleAndConnectorAt @ renderer.js:780
onMouseMove @ renderer.js:636
ADSR.js:226 Uncaught TypeError: Cannot convert undefined or null to object
    at Function.entries (<anonymous>)
    at ADSR.getConnectorAt (ADSR.js:226:44)
    at getModuleAndConnectorAt (renderer.js:780:30)
    at HTMLCanvasElement.onMouseMove (renderer.js:636:15)
getConnectorAt @ ADSR.js:226
getModuleAndConnectorAt @ renderer.js:780
onMouseMove @ renderer.js:636
ADSR.js:226 Uncaught TypeError: Cannot convert undefined or null to object
    at Function.entries (<anonymous>)
    at ADSR.getConnectorAt (ADSR.js:226:44)
    at getModuleAndConnectorAt (renderer.js:780:30)
    at HTMLCanvasElement.onMouseMove (renderer.js:636:15)
getConnectorAt @ ADSR.js:226
getModuleAndConnectorAt @ renderer.js:780
onMouseMove @ renderer.js:636
ADSR.js:226 Uncaught TypeError: Cannot convert undefined or null to object
    at Function.entries (<anonymous>)
    at ADSR.getConnectorAt (ADSR.js:226:44)
    at getModuleAndConnectorAt (renderer.js:780:30)
    at HTMLCanvasElement.onMouseMove (renderer.js:636:15)
getConnectorAt @ ADSR.js:226
getModuleAndConnectorAt @ renderer.js:780
onMouseMove @ renderer.js:636
ADSR.js:226 Uncaught TypeError: Cannot convert undefined or null to object
    at Function.entries (<anonymous>)
    at ADSR.getConnectorAt (ADSR.js:226:44)
    at getModuleAndConnectorAt (renderer.js:780:30)
    at HTMLCanvasElement.onMouseMove (renderer.js:636:15)
getConnectorAt @ ADSR.js:226
getModuleAndConnectorAt @ renderer.js:780
onMouseMove @ renderer.js:636
ADSR.js:226 Uncaught TypeError: Cannot convert undefined or null to object
    at Function.entries (<anonymous>)
    at ADSR.getConnectorAt (ADSR.js:226:44)
    at getModuleAndConnectorAt (renderer.js:780:30)
    at HTMLCanvasElement.onMouseMove (renderer.js:636:15)
getConnectorAt @ ADSR.js:226
getModuleAndConnectorAt @ renderer.js:780
onMouseMove @ renderer.js:636
ADSR.js:226 Uncaught TypeError: Cannot convert undefined or null to object
    at Function.entries (<anonymous>)
    at ADSR.getConnectorAt (ADSR.js:226:44)
    at getModuleAndConnectorAt (renderer.js:780:30)
    at HTMLCanvasElement.onMouseMove (renderer.js:636:15)
getConnectorAt @ ADSR.js:226
getModuleAndConnectorAt @ renderer.js:780
onMouseMove @ renderer.js:636
ADSR.js:226 Uncaught TypeError: Cannot convert undefined or null to object
    at Function.entries (<anonymous>)
    at ADSR.getConnectorAt (ADSR.js:226:44)
    at getModuleAndConnectorAt (renderer.js:780:30)
    at HTMLCanvasElement.onMouseMove (renderer.js:636:15)
getConnectorAt @ ADSR.js:226
getModuleAndConnectorAt @ renderer.js:780
onMouseMove @ renderer.js:636
ADSR.js:226 Uncaught TypeError: Cannot convert undefined or null to object
    at Function.entries (<anonymous>)
    at ADSR.getConnectorAt (ADSR.js:226:44)
    at getModuleAndConnectorAt (renderer.js:780:30)
    at HTMLCanvasElement.onMouseMove (renderer.js:636:15)
getConnectorAt @ ADSR.js:226
getModuleAndConnectorAt @ renderer.js:780
onMouseMove @ renderer.js:636
ADSR.js:226 Uncaught TypeError: Cannot convert undefined or null to object
    at Function.entries (<anonymous>)
    at ADSR.getConnectorAt (ADSR.js:226:44)
    at getModuleAndConnectorAt (renderer.js:780:30)
    at HTMLCanvasElement.onMouseMove (renderer.js:636:15)
getConnectorAt @ ADSR.js:226
getModuleAndConnectorAt @ renderer.js:780
onMouseMove @ renderer.js:636
ADSR.js:226 Uncaught TypeError: Cannot convert undefined or null to object
    at Function.entries (<anonymous>)
    at ADSR.getConnectorAt (ADSR.js:226:44)
    at getModuleAndConnectorAt (renderer.js:780:30)
    at HTMLCanvasElement.onMouseMove (renderer.js:636:15)
getConnectorAt @ ADSR.js:226
getModuleAndConnectorAt @ renderer.js:780
onMouseMove @ renderer.js:636
ADSR.js:226 Uncaught TypeError: Cannot convert undefined or null to object
    at Function.entries (<anonymous>)
    at ADSR.getConnectorAt (ADSR.js:226:44)
    at getModuleAndConnectorAt (renderer.js:780:30)
    at HTMLCanvasElement.onMouseMove (renderer.js:636:15)
getConnectorAt @ ADSR.js:226
getModuleAndConnectorAt @ renderer.js:780
onMouseMove @ renderer.js:636
ADSR.js:226 Uncaught TypeError: Cannot convert undefined or null to object
    at Function.entries (<anonymous>)
    at ADSR.getConnectorAt (ADSR.js:226:44)
    at getModuleAndConnectorAt (renderer.js:780:30)
    at HTMLCanvasElement.onMouseMove (renderer.js:636:15)
getConnectorAt @ ADSR.js:226
getModuleAndConnectorAt @ renderer.js:780
onMouseMove @ renderer.js:636
ADSR.js:226 Uncaught TypeError: Cannot convert undefined or null to object
    at Function.entries (<anonymous>)
    at ADSR.getConnectorAt (ADSR.js:226:44)
    at getModuleAndConnectorAt (renderer.js:780:30)
    at HTMLCanvasElement.onMouseMove (renderer.js:636:15)
getConnectorAt @ ADSR.js:226
getModuleAndConnectorAt @ renderer.js:780
onMouseMove @ renderer.js:636
ADSR.js:226 Uncaught TypeError: Cannot convert undefined or null to object
    at Function.entries (<anonymous>)
    at ADSR.getConnectorAt (ADSR.js:226:44)
    at getModuleAndConnectorAt (renderer.js:780:30)
    at HTMLCanvasElement.onMouseMove (renderer.js:636:15)
getConnectorAt @ ADSR.js:226
getModuleAndConnectorAt @ renderer.js:780
onMouseMove @ renderer.js:636
ADSR.js:226 Uncaught TypeError: Cannot convert undefined or null to object
    at Function.entries (<anonymous>)
    at ADSR.getConnectorAt (ADSR.js:226:44)
    at getModuleAndConnectorAt (renderer.js:780:30)
    at HTMLCanvasElement.onMouseMove (renderer.js:636:15)
getConnectorAt @ ADSR.js:226
getModuleAndConnectorAt @ renderer.js:780
onMouseMove @ renderer.js:636
ADSR.js:226 Uncaught TypeError: Cannot convert undefined or null to object
    at Function.entries (<anonymous>)
    at ADSR.getConnectorAt (ADSR.js:226:44)
    at getModuleAndConnectorAt (renderer.js:780:30)
    at HTMLCanvasElement.onMouseMove (renderer.js:636:15)
getConnectorAt @ ADSR.js:226
getModuleAndConnectorAt @ renderer.js:780
onMouseMove @ renderer.js:636
ADSR.js:226 Uncaught TypeError: Cannot convert undefined or null to object
    at Function.entries (<anonymous>)
    at ADSR.getConnectorAt (ADSR.js:226:44)
    at getModuleAndConnectorAt (renderer.js:780:30)
    at HTMLCanvasElement.onMouseMove (renderer.js:636:15)
getConnectorAt @ ADSR.js:226
getModuleAndConnectorAt @ renderer.js:780
onMouseMove @ renderer.js:636
ADSR.js:226 Uncaught TypeError: Cannot convert undefined or null to object
    at Function.entries (<anonymous>)
    at ADSR.getConnectorAt (ADSR.js:226:44)
    at getModuleAndConnectorAt (renderer.js:780:30)
    at HTMLCanvasElement.onMouseMove (renderer.js:636:15)
getConnectorAt @ ADSR.js:226
getModuleAndConnectorAt @ renderer.js:780
onMouseMove @ renderer.js:636
ADSR.js:226 Uncaught TypeError: Cannot convert undefined or null to object
    at Function.entries (<anonymous>)
    at ADSR.getConnectorAt (ADSR.js:226:44)
    at getModuleAndConnectorAt (renderer.js:780:30)
    at HTMLCanvasElement.onMouseMove (renderer.js:636:15)
getConnectorAt @ ADSR.js:226
getModuleAndConnectorAt @ renderer.js:780
onMouseMove @ renderer.js:636
ADSR.js:226 Uncaught TypeError: Cannot convert undefined or null to object
    at Function.entries (<anonymous>)
    at ADSR.getConnectorAt (ADSR.js:226:44)
    at getModuleAndConnectorAt (renderer.js:780:30)
    at HTMLCanvasElement.onMouseMove (renderer.js:636:15)
getConnectorAt @ ADSR.js:226
getModuleAndConnectorAt @ renderer.js:780
onMouseMove @ renderer.js:636
ADSR.js:226 Uncaught TypeError: Cannot convert undefined or null to object
    at Function.entries (<anonymous>)
    at ADSR.getConnectorAt (ADSR.js:226:44)
    at getModuleAndConnectorAt (renderer.js:780:30)
    at HTMLCanvasElement.onMouseMove (renderer.js:636:15)
getConnectorAt @ ADSR.js:226
getModuleAndConnectorAt @ renderer.js:780
onMouseMove @ renderer.js:636
ADSR.js:226 Uncaught TypeError: Cannot convert undefined or null to object
    at Function.entries (<anonymous>)
    at ADSR.getConnectorAt (ADSR.js:226:44)
    at getModuleAndConnectorAt (renderer.js:780:30)
    at HTMLCanvasElement.onMouseMove (renderer.js:636:15)
getConnectorAt @ ADSR.js:226
getModuleAndConnectorAt @ renderer.js:780
onMouseMove @ renderer.js:636
